<?xml version="1.0" encoding="UTF-8"?>
<!-- Generated by org.testng.reporters.JUnitXMLReporter -->
<testsuite ignored="0" hostname="DESKTOP-PRAVRSQ" failures="0" tests="3" name="Smoky" time="11.635" errors="0" timestamp="2024-04-18T21:57:14 CEST">
  <testcase classname="com.herokuapp.tests.AlertsTests" name="alertJs" time="0.161"/>
  <testcase classname="com.herokuapp.tests.AlertsTests" name="alertJsConfirm" time="0.135"/>
  <testcase classname="com.herokuapp.tests.AlertsTests" name="alertJsPrompt" time="0.173"/>
</testsuite> <!-- Smoky -->
